host: phoenix-08.prism
Building DAG of jobs...
Using shell: /usr/bin/bash
Provided remote nodes: 1
Provided resources: mem_mb=100000, mem_mib=95368, disk_mb=1000, disk_mib=954
Select jobs to execute...
Execute 1 jobs...

[Mon Sep 22 14:54:38 2025]
rule identify_contacts:
    input: /private/groups/russelllab/jodie/wolbachia_induced_DE/Jacobs_et_al_2026_Wolbachia-host_genome_topology/maps/JW18DOX-1.matrix.mcool, /private/groups/russelllab/jodie/wolbachia_induced_DE/Jacobs_et_al_2026_Wolbachia-host_genome_topology/maps/JW18DOX-2.matrix.mcool
    output: /private/groups/russelllab/jodie/wolbachia_induced_DE/Jacobs_et_al_2026_Wolbachia-host_genome_topology/dc_by_infection/results/contacts/JW18DOX_contacts.tsv
    jobid: 0
    reason: Forced execution
    wildcards: sample=JW18DOX
    threads: 16
    resources: mem_mb=100000, mem_mib=95368, disk_mb=1000, disk_mib=954, tmpdir=<TBD>, slurm_partition=medium, runtime=200

host: phoenix-08.prism
Building DAG of jobs...
Using shell: /usr/bin/bash
Provided cores: 16
Rules claiming more threads will be scaled down.
Provided resources: mem_mb=100000, mem_mib=95368, disk_mb=1000, disk_mib=954
Select jobs to execute...
Execute 1 jobs...

[Mon Sep 22 14:54:39 2025]
localrule identify_contacts:
    input: /private/groups/russelllab/jodie/wolbachia_induced_DE/Jacobs_et_al_2026_Wolbachia-host_genome_topology/maps/JW18DOX-1.matrix.mcool, /private/groups/russelllab/jodie/wolbachia_induced_DE/Jacobs_et_al_2026_Wolbachia-host_genome_topology/maps/JW18DOX-2.matrix.mcool
    output: /private/groups/russelllab/jodie/wolbachia_induced_DE/Jacobs_et_al_2026_Wolbachia-host_genome_topology/dc_by_infection/results/contacts/JW18DOX_contacts.tsv
    jobid: 0
    reason: Forced execution
    wildcards: sample=JW18DOX
    threads: 16
    resources: mem_mb=100000, mem_mib=95368, disk_mb=1000, disk_mib=954, tmpdir=/data/tmp, slurm_partition=medium, runtime=200

Processing sample: JW18DOX
Will process resolutions: 1000 8000 32000 128000
Will process chromosomes: 2L 2R 3L 3R 4 X Y
Using resolutions: 1000 8000 32000 128000
==== Processing resolution: 1000bp ====
Processing JW18DOX replicates at 1000bp resolution...
Processing JW18DOX replicate 1 cis interactions at 1000bp
  Extracting cis interactions for 2L
  Warning: No valid balanced interactions found for 2L. Trying without filtering...
  Extracting cis interactions for 2R
  Extracting cis interactions for 3L
  Extracting cis interactions for 3R
  Warning: No valid balanced interactions found for 3R. Trying without filtering...
  Extracting cis interactions for 4
  Extracting cis interactions for X
  Extracting cis interactions for Y
  Successfully extracted 8341457 cis interactions
Processing JW18DOX replicate 1 trans interactions at 1000bp
  Extracting trans interactions for 2L vs 2R
  Extracting trans interactions for 2L vs 3L
  Extracting trans interactions for 2L vs 3R
  Extracting trans interactions for 2L vs 4
  Extracting trans interactions for 2L vs X
  Extracting trans interactions for 2L vs Y
  Extracting trans interactions for 2R vs 3L
  Extracting trans interactions for 2R vs 3R
  Extracting trans interactions for 2R vs 4
  Extracting trans interactions for 2R vs X
  Extracting trans interactions for 2R vs Y
  Extracting trans interactions for 3L vs 3R
  Extracting trans interactions for 3L vs 4
  Extracting trans interactions for 3L vs X
  Extracting trans interactions for 3L vs Y
  Extracting trans interactions for 3R vs 4
  Extracting trans interactions for 3R vs X
  Extracting trans interactions for 3R vs Y
  Extracting trans interactions for 4 vs X
  Extracting trans interactions for 4 vs Y
  Extracting trans interactions for X vs Y
  Successfully extracted 456511 trans interactions
Processing JW18DOX replicate 2 cis interactions at 1000bp
  Extracting cis interactions for 2L
  Warning: No valid balanced interactions found for 2L. Trying without filtering...
  Extracting cis interactions for 2R
  Extracting cis interactions for 3L
  Extracting cis interactions for 3R
  Extracting cis interactions for 4
  Extracting cis interactions for X
  Extracting cis interactions for Y
  Successfully extracted 20787 cis interactions
Processing JW18DOX replicate 2 trans interactions at 1000bp
  Extracting trans interactions for 2L vs 2R
  Extracting trans interactions for 2L vs 3L
  Extracting trans interactions for 2L vs 3R
  Extracting trans interactions for 2L vs 4
  Extracting trans interactions for 2L vs X
  Extracting trans interactions for 2L vs Y
  Extracting trans interactions for 2R vs 3L
  Extracting trans interactions for 2R vs 3R
  Extracting trans interactions for 2R vs 4
  Extracting trans interactions for 2R vs X
  Extracting trans interactions for 2R vs Y
  Extracting trans interactions for 3L vs 3R
  Extracting trans interactions for 3L vs 4
  Extracting trans interactions for 3L vs X
  Extracting trans interactions for 3L vs Y
  Extracting trans interactions for 3R vs 4
  Extracting trans interactions for 3R vs X
  Extracting trans interactions for 3R vs Y
  Extracting trans interactions for 4 vs X
  Extracting trans interactions for 4 vs Y
  Extracting trans interactions for X vs Y
  Warning: No trans interactions extracted for JW18DOX replicate 2 at 1000bp
  Trying without filtering NaN values...
  Successfully extracted 2578553 unfiltered trans interactions
Completed processing at 1000bp resolution
==== Processing resolution: 8000bp ====
Processing JW18DOX replicates at 8000bp resolution...
Processing JW18DOX replicate 1 cis interactions at 8000bp
  Extracting cis interactions for 2L
  Warning: No valid balanced interactions found for 2L. Trying without filtering...
  Extracting cis interactions for 2R
  Extracting cis interactions for 3L
  Extracting cis interactions for 3R
  Extracting cis interactions for 4
  Extracting cis interactions for X
  Extracting cis interactions for Y
  Successfully extracted 1970907 cis interactions
Processing JW18DOX replicate 1 trans interactions at 8000bp
  Extracting trans interactions for 2L vs 2R
  Extracting trans interactions for 2L vs 3L
  Extracting trans interactions for 2L vs 3R
  Extracting trans interactions for 2L vs 4
  Extracting trans interactions for 2L vs X
  Extracting trans interactions for 2L vs Y
  Extracting trans interactions for 2R vs 3L
  Extracting trans interactions for 2R vs 3R
  Extracting trans interactions for 2R vs 4
  Extracting trans interactions for 2R vs X
  Extracting trans interactions for 2R vs Y
  Extracting trans interactions for 3L vs 3R
  Extracting trans interactions for 3L vs 4
  Extracting trans interactions for 3L vs X
  Extracting trans interactions for 3L vs Y
  Extracting trans interactions for 3R vs 4
  Extracting trans interactions for 3R vs X
  Extracting trans interactions for 3R vs Y
  Extracting trans interactions for 4 vs X
  Extracting trans interactions for 4 vs Y
  Extracting trans interactions for X vs Y
  Successfully extracted 347998 trans interactions
Processing JW18DOX replicate 2 cis interactions at 8000bp
  Extracting cis interactions for 2L
  Warning: No valid balanced interactions found for 2L. Trying without filtering...
  Extracting cis interactions for 2R
  Extracting cis interactions for 3L
  Extracting cis interactions for 3R
  Extracting cis interactions for 4
  Extracting cis interactions for X
  Extracting cis interactions for Y
  Successfully extracted 1281021 cis interactions
Processing JW18DOX replicate 2 trans interactions at 8000bp
  Extracting trans interactions for 2L vs 2R
  Extracting trans interactions for 2L vs 3L
  Extracting trans interactions for 2L vs 3R
  Extracting trans interactions for 2L vs 4
  Extracting trans interactions for 2L vs X
  Extracting trans interactions for 2L vs Y
  Extracting trans interactions for 2R vs 3L
  Extracting trans interactions for 2R vs 3R
  Extracting trans interactions for 2R vs 4
  Extracting trans interactions for 2R vs X
  Extracting trans interactions for 2R vs Y
  Extracting trans interactions for 3L vs 3R
  Extracting trans interactions for 3L vs 4
  Extracting trans interactions for 3L vs X
  Extracting trans interactions for 3L vs Y
  Extracting trans interactions for 3R vs 4
  Extracting trans interactions for 3R vs X
  Extracting trans interactions for 3R vs Y
  Extracting trans interactions for 4 vs X
  Extracting trans interactions for 4 vs Y
  Extracting trans interactions for X vs Y
  Warning: No trans interactions extracted for JW18DOX replicate 2 at 8000bp
  Trying without filtering NaN values...
  Successfully extracted 2493274 unfiltered trans interactions
Completed processing at 8000bp resolution
==== Processing resolution: 32000bp ====
Processing JW18DOX replicates at 32000bp resolution...
Processing JW18DOX replicate 1 cis interactions at 32000bp
  Extracting cis interactions for 2L
  Warning: No valid balanced interactions found for 2L. Trying without filtering...
  Extracting cis interactions for 2R
  Extracting cis interactions for 3L
  Extracting cis interactions for 3R
  Extracting cis interactions for 4
  Extracting cis interactions for X
  Extracting cis interactions for Y
  Successfully extracted 254182 cis interactions
Processing JW18DOX replicate 1 trans interactions at 32000bp
  Extracting trans interactions for 2L vs 2R
  Extracting trans interactions for 2L vs 3L
  Extracting trans interactions for 2L vs 3R
  Extracting trans interactions for 2L vs 4
  Extracting trans interactions for 2L vs X
  Extracting trans interactions for 2L vs Y
  Extracting trans interactions for 2R vs 3L
  Extracting trans interactions for 2R vs 3R
  Extracting trans interactions for 2R vs 4
  Extracting trans interactions for 2R vs X
  Extracting trans interactions for 2R vs Y
  Extracting trans interactions for 3L vs 3R
  Extracting trans interactions for 3L vs 4
  Extracting trans interactions for 3L vs X
  Extracting trans interactions for 3L vs Y
  Extracting trans interactions for 3R vs 4
  Extracting trans interactions for 3R vs X
  Extracting trans interactions for 3R vs Y
  Extracting trans interactions for 4 vs X
  Extracting trans interactions for 4 vs Y
  Extracting trans interactions for X vs Y
  Warning: No trans interactions extracted for JW18DOX replicate 1 at 32000bp
  Trying without filtering NaN values...
  Successfully extracted 4064808 unfiltered trans interactions
Processing JW18DOX replicate 2 cis interactions at 32000bp
  Extracting cis interactions for 2L
  Warning: No valid balanced interactions found for 2L. Trying without filtering...
  Extracting cis interactions for 2R
  Extracting cis interactions for 3L
  Extracting cis interactions for 3R
  Extracting cis interactions for 4
  Extracting cis interactions for X
  Extracting cis interactions for Y
  Successfully extracted 236497 cis interactions
Processing JW18DOX replicate 2 trans interactions at 32000bp
  Extracting trans interactions for 2L vs 2R
  Extracting trans interactions for 2L vs 3L
  Extracting trans interactions for 2L vs 3R
  Extracting trans interactions for 2L vs 4
  Extracting trans interactions for 2L vs X
  Extracting trans interactions for 2L vs Y
  Extracting trans interactions for 2R vs 3L
  Extracting trans interactions for 2R vs 3R
  Extracting trans interactions for 2R vs 4
  Extracting trans interactions for 2R vs X
  Extracting trans interactions for 2R vs Y
  Extracting trans interactions for 3L vs 3R
  Extracting trans interactions for 3L vs 4
  Extracting trans interactions for 3L vs X
  Extracting trans interactions for 3L vs Y
  Extracting trans interactions for 3R vs 4
  Extracting trans interactions for 3R vs X
  Extracting trans interactions for 3R vs Y
  Extracting trans interactions for 4 vs X
  Extracting trans interactions for 4 vs Y
  Extracting trans interactions for X vs Y
  Warning: No trans interactions extracted for JW18DOX replicate 2 at 32000bp
  Trying without filtering NaN values...
  Successfully extracted 1943239 unfiltered trans interactions
Completed processing at 32000bp resolution
==== Processing resolution: 128000bp ====
Processing JW18DOX replicates at 128000bp resolution...
Processing JW18DOX replicate 1 cis interactions at 128000bp
  Extracting cis interactions for 2L
  Warning: No valid balanced interactions found for 2L. Trying without filtering...
  Extracting cis interactions for 2R
  Extracting cis interactions for 3L
  Extracting cis interactions for 3R
  Extracting cis interactions for 4
  Extracting cis interactions for X
  Extracting cis interactions for Y
  Successfully extracted 16911 cis interactions
Processing JW18DOX replicate 1 trans interactions at 128000bp
  Extracting trans interactions for 2L vs 2R
  Extracting trans interactions for 2L vs 3L
  Extracting trans interactions for 2L vs 3R
  Extracting trans interactions for 2L vs 4
  Extracting trans interactions for 2L vs X
  Extracting trans interactions for 2L vs Y
  Extracting trans interactions for 2R vs 3L
  Extracting trans interactions for 2R vs 3R
  Extracting trans interactions for 2R vs 4
  Extracting trans interactions for 2R vs X
  Extracting trans interactions for 2R vs Y
  Extracting trans interactions for 3L vs 3R
  Extracting trans interactions for 3L vs 4
  Extracting trans interactions for 3L vs X
  Extracting trans interactions for 3L vs Y
  Extracting trans interactions for 3R vs 4
  Extracting trans interactions for 3R vs X
  Extracting trans interactions for 3R vs Y
  Extracting trans interactions for 4 vs X
  Extracting trans interactions for 4 vs Y
  Extracting trans interactions for X vs Y
  Warning: No trans interactions extracted for JW18DOX replicate 1 at 128000bp
  Trying without filtering NaN values...
  Successfully extracted 433233 unfiltered trans interactions
Processing JW18DOX replicate 2 cis interactions at 128000bp
  Extracting cis interactions for 2L
  Warning: No valid balanced interactions found for 2L. Trying without filtering...
  Extracting cis interactions for 2R
  Extracting cis interactions for 3L
  Extracting cis interactions for 3R
  Extracting cis interactions for 4
  Extracting cis interactions for X
  Extracting cis interactions for Y
  Successfully extracted 16864 cis interactions
Processing JW18DOX replicate 2 trans interactions at 128000bp
  Extracting trans interactions for 2L vs 2R
  Extracting trans interactions for 2L vs 3L
  Extracting trans interactions for 2L vs 3R
  Extracting trans interactions for 2L vs 4
  Extracting trans interactions for 2L vs X
  Extracting trans interactions for 2L vs Y
  Extracting trans interactions for 2R vs 3L
  Extracting trans interactions for 2R vs 3R
  Extracting trans interactions for 2R vs 4
  Extracting trans interactions for 2R vs X
  Extracting trans interactions for 2R vs Y
  Extracting trans interactions for 3L vs 3R
  Extracting trans interactions for 3L vs 4
  Extracting trans interactions for 3L vs X
  Extracting trans interactions for 3L vs Y
  Extracting trans interactions for 3R vs 4
  Extracting trans interactions for 3R vs X
  Extracting trans interactions for 3R vs Y
  Extracting trans interactions for 4 vs X
  Extracting trans interactions for 4 vs Y
  Extracting trans interactions for X vs Y
  Warning: No trans interactions extracted for JW18DOX replicate 2 at 128000bp
  Trying without filtering NaN values...
  Successfully extracted 406370 unfiltered trans interactions
Completed processing at 128000bp resolution
Creating consolidated output file...
Adding resolution 1000bp data to consolidated file...
  Adding cis interactions from replicate 1...
  Adding cis interactions from replicate 2...
  Adding trans interactions from replicate 1...
  Adding trans interactions from replicate 2...
Adding resolution 8000bp data to consolidated file...
  Adding cis interactions from replicate 1...
  Adding cis interactions from replicate 2...
  Adding trans interactions from replicate 1...
  Adding trans interactions from replicate 2...
Adding resolution 32000bp data to consolidated file...
  Adding cis interactions from replicate 1...
  Adding cis interactions from replicate 2...
  Adding trans interactions from replicate 1...
  Adding trans interactions from replicate 2...
Adding resolution 128000bp data to consolidated file...
  Adding cis interactions from replicate 1...
  Adding cis interactions from replicate 2...
  Adding trans interactions from replicate 1...
All interactions extracted and consolidated successfully!
Total interactions: 28504574
Results saved to /private/groups/russelllab/jodie/wolbachia_induced_DE/Jacobs_et_al_2026_Wolbachia-host_genome_topology/dc_by_infection/results/contacts/JW18DOX_contacts.tsv
Keeping temporary files for debugging in: /private/groups/russelllab/jodie/wolbachia_induced_DE/Jacobs_et_al_2026_Wolbachia-host_genome_topology/dc_by_infection/results/contacts/temp_JW18DOX
Processing complete.
[Mon Sep 22 15:05:51 2025]
Finished jobid: 0 (Rule: identify_contacts)
1 of 1 steps (100%) done
Storing output in storage.
[Mon Sep 22 15:05:51 2025]
Finished jobid: 0 (Rule: identify_contacts)
1 of 1 steps (100%) done
Storing output in storage.
