host: phoenix-22.prism
Building DAG of jobs...
Using shell: /usr/bin/bash
Provided remote nodes: 1
Provided resources: mem_mb=100000, mem_mib=95368, disk_mb=1525, disk_mib=1455
Select jobs to execute...
Execute 1 jobs...

[Mon Sep 22 14:54:38 2025]
rule identify_contacts:
    input: /private/groups/russelllab/jodie/wolbachia_induced_DE/Jacobs_et_al_2026_Wolbachia-host_genome_topology/maps/JW18wMel-1.matrix.mcool, /private/groups/russelllab/jodie/wolbachia_induced_DE/Jacobs_et_al_2026_Wolbachia-host_genome_topology/maps/JW18wMel-2.matrix.mcool
    output: /private/groups/russelllab/jodie/wolbachia_induced_DE/Jacobs_et_al_2026_Wolbachia-host_genome_topology/dc_by_infection/results/contacts/JW18wMel_contacts.tsv
    jobid: 0
    reason: Forced execution
    wildcards: sample=JW18wMel
    threads: 16
    resources: mem_mb=100000, mem_mib=95368, disk_mb=1525, disk_mib=1455, tmpdir=<TBD>, slurm_partition=medium, runtime=200

host: phoenix-22.prism
Building DAG of jobs...
Using shell: /usr/bin/bash
Provided cores: 16
Rules claiming more threads will be scaled down.
Provided resources: mem_mb=100000, mem_mib=95368, disk_mb=1525, disk_mib=1455
Select jobs to execute...
Execute 1 jobs...

[Mon Sep 22 14:54:38 2025]
localrule identify_contacts:
    input: /private/groups/russelllab/jodie/wolbachia_induced_DE/Jacobs_et_al_2026_Wolbachia-host_genome_topology/maps/JW18wMel-1.matrix.mcool, /private/groups/russelllab/jodie/wolbachia_induced_DE/Jacobs_et_al_2026_Wolbachia-host_genome_topology/maps/JW18wMel-2.matrix.mcool
    output: /private/groups/russelllab/jodie/wolbachia_induced_DE/Jacobs_et_al_2026_Wolbachia-host_genome_topology/dc_by_infection/results/contacts/JW18wMel_contacts.tsv
    jobid: 0
    reason: Forced execution
    wildcards: sample=JW18wMel
    threads: 16
    resources: mem_mb=100000, mem_mib=95368, disk_mb=1525, disk_mib=1455, tmpdir=/data/tmp, slurm_partition=medium, runtime=200

Processing sample: JW18wMel
Will process resolutions: 1000 8000 32000 128000
Will process chromosomes: 2L 2R 3L 3R 4 X Y
Using resolutions: 1000 8000 32000 128000
==== Processing resolution: 1000bp ====
Processing JW18wMel replicates at 1000bp resolution...
Processing JW18wMel replicate 1 cis interactions at 1000bp
  Extracting cis interactions for 2L
  Warning: No valid balanced interactions found for 2L. Trying without filtering...
  Extracting cis interactions for 2R
  Extracting cis interactions for 3L
  Extracting cis interactions for 3R
  Extracting cis interactions for 4
  Extracting cis interactions for X
  Extracting cis interactions for Y
  Successfully extracted 6328504 cis interactions
Processing JW18wMel replicate 1 trans interactions at 1000bp
  Extracting trans interactions for 2L vs 2R
  Extracting trans interactions for 2L vs 3L
  Extracting trans interactions for 2L vs 3R
  Extracting trans interactions for 2L vs 4
  Extracting trans interactions for 2L vs X
  Extracting trans interactions for 2L vs Y
  Extracting trans interactions for 2R vs 3L
  Extracting trans interactions for 2R vs 3R
  Extracting trans interactions for 2R vs 4
  Extracting trans interactions for 2R vs X
  Extracting trans interactions for 2R vs Y
  Extracting trans interactions for 3L vs 3R
  Extracting trans interactions for 3L vs 4
  Extracting trans interactions for 3L vs X
  Extracting trans interactions for 3L vs Y
  Extracting trans interactions for 3R vs 4
  Extracting trans interactions for 3R vs X
  Extracting trans interactions for 3R vs Y
  Extracting trans interactions for 4 vs X
  Extracting trans interactions for 4 vs Y
  Extracting trans interactions for X vs Y
  Warning: No trans interactions extracted for JW18wMel replicate 1 at 1000bp
  Trying without filtering NaN values...
  Successfully extracted 72132 unfiltered trans interactions
Processing JW18wMel replicate 2 cis interactions at 1000bp
  Extracting cis interactions for 2L
  Warning: No valid balanced interactions found for 2L. Trying without filtering...
  Extracting cis interactions for 2R
  Extracting cis interactions for 3L
  Extracting cis interactions for 3R
  Extracting cis interactions for 4
  Extracting cis interactions for X
  Extracting cis interactions for Y
  Successfully extracted 8229258 cis interactions
Processing JW18wMel replicate 2 trans interactions at 1000bp
  Extracting trans interactions for 2L vs 2R
  Extracting trans interactions for 2L vs 3L
  Extracting trans interactions for 2L vs 3R
  Extracting trans interactions for 2L vs 4
  Extracting trans interactions for 2L vs X
  Extracting trans interactions for 2L vs Y
  Extracting trans interactions for 2R vs 3L
  Extracting trans interactions for 2R vs 3R
  Extracting trans interactions for 2R vs 4
  Extracting trans interactions for 2R vs X
  Extracting trans interactions for 2R vs Y
  Extracting trans interactions for 3L vs 3R
  Extracting trans interactions for 3L vs 4
  Extracting trans interactions for 3L vs X
  Extracting trans interactions for 3L vs Y
  Extracting trans interactions for 3R vs 4
  Extracting trans interactions for 3R vs X
  Extracting trans interactions for 3R vs Y
  Extracting trans interactions for 4 vs X
  Extracting trans interactions for 4 vs Y
  Extracting trans interactions for X vs Y
  Warning: No trans interactions extracted for JW18wMel replicate 2 at 1000bp
  Trying without filtering NaN values...
  Successfully extracted 62563596 unfiltered trans interactions
Completed processing at 1000bp resolution
==== Processing resolution: 8000bp ====
Processing JW18wMel replicates at 8000bp resolution...
Processing JW18wMel replicate 1 cis interactions at 8000bp
  Extracting cis interactions for 2L
  Warning: No valid balanced interactions found for 2L. Trying without filtering...
  Extracting cis interactions for 2R
  Extracting cis interactions for 3L
  Extracting cis interactions for 3R
  Extracting cis interactions for 4
  Extracting cis interactions for X
  Extracting cis interactions for Y
  Successfully extracted 2137856 cis interactions
Processing JW18wMel replicate 1 trans interactions at 8000bp
  Extracting trans interactions for 2L vs 2R
  Extracting trans interactions for 2L vs 3L
  Extracting trans interactions for 2L vs 3R
  Extracting trans interactions for 2L vs 4
  Extracting trans interactions for 2L vs X
  Extracting trans interactions for 2L vs Y
  Extracting trans interactions for 2R vs 3L
  Extracting trans interactions for 2R vs 3R
  Extracting trans interactions for 2R vs 4
  Extracting trans interactions for 2R vs X
  Extracting trans interactions for 2R vs Y
  Extracting trans interactions for 3L vs 3R
  Extracting trans interactions for 3L vs 4
  Extracting trans interactions for 3L vs X
  Extracting trans interactions for 3L vs Y
  Extracting trans interactions for 3R vs 4
  Extracting trans interactions for 3R vs X
  Extracting trans interactions for 3R vs Y
  Extracting trans interactions for 4 vs X
  Extracting trans interactions for 4 vs Y
  Extracting trans interactions for X vs Y
  Warning: No trans interactions extracted for JW18wMel replicate 1 at 8000bp
  Trying without filtering NaN values...
  Successfully extracted 17734749 unfiltered trans interactions
Processing JW18wMel replicate 2 cis interactions at 8000bp
  Extracting cis interactions for 2L
  Warning: No valid balanced interactions found for 2L. Trying without filtering...
  Extracting cis interactions for 2R
  Extracting cis interactions for 3L
  Extracting cis interactions for 3R
  Extracting cis interactions for 4
  Extracting cis interactions for X
  Extracting cis interactions for Y
  Successfully extracted 2835243 cis interactions
Processing JW18wMel replicate 2 trans interactions at 8000bp
  Extracting trans interactions for 2L vs 2R
  Extracting trans interactions for 2L vs 3L
  Extracting trans interactions for 2L vs 3R
  Extracting trans interactions for 2L vs 4
  Extracting trans interactions for 2L vs X
  Extracting trans interactions for 2L vs Y
  Extracting trans interactions for 2R vs 3L
  Extracting trans interactions for 2R vs 3R
  Extracting trans interactions for 2R vs 4
  Extracting trans interactions for 2R vs X
  Extracting trans interactions for 2R vs Y
  Extracting trans interactions for 3L vs 3R
  Extracting trans interactions for 3L vs 4
  Extracting trans interactions for 3L vs X
  Extracting trans interactions for 3L vs Y
  Extracting trans interactions for 3R vs 4
  Extracting trans interactions for 3R vs X
  Extracting trans interactions for 3R vs Y
  Extracting trans interactions for 4 vs X
  Extracting trans interactions for 4 vs Y
  Extracting trans interactions for X vs Y
  Warning: No trans interactions extracted for JW18wMel replicate 2 at 8000bp
  Trying without filtering NaN values...
  Successfully extracted 43392077 unfiltered trans interactions
Completed processing at 8000bp resolution
==== Processing resolution: 32000bp ====
Processing JW18wMel replicates at 32000bp resolution...
Processing JW18wMel replicate 1 cis interactions at 32000bp
  Extracting cis interactions for 2L
  Warning: No valid balanced interactions found for 2L. Trying without filtering...
  Extracting cis interactions for 2R
  Extracting cis interactions for 3L
  Extracting cis interactions for 3R
  Extracting cis interactions for 4
  Extracting cis interactions for X
  Extracting cis interactions for Y
  Successfully extracted 259987 cis interactions
Processing JW18wMel replicate 1 trans interactions at 32000bp
  Extracting trans interactions for 2L vs 2R
  Extracting trans interactions for 2L vs 3L
  Extracting trans interactions for 2L vs 3R
  Extracting trans interactions for 2L vs 4
  Extracting trans interactions for 2L vs X
  Extracting trans interactions for 2L vs Y
  Extracting trans interactions for 2R vs 3L
  Extracting trans interactions for 2R vs 3R
  Extracting trans interactions for 2R vs 4
  Extracting trans interactions for 2R vs X
  Extracting trans interactions for 2R vs Y
  Extracting trans interactions for 3L vs 3R
  Extracting trans interactions for 3L vs 4
  Extracting trans interactions for 3L vs X
  Extracting trans interactions for 3L vs Y
  Extracting trans interactions for 3R vs 4
  Extracting trans interactions for 3R vs X
  Extracting trans interactions for 3R vs Y
  Extracting trans interactions for 4 vs X
  Extracting trans interactions for 4 vs Y
  Extracting trans interactions for X vs Y
  Warning: No trans interactions extracted for JW18wMel replicate 1 at 32000bp
  Trying without filtering NaN values...
  Successfully extracted 5864380 unfiltered trans interactions
Processing JW18wMel replicate 2 cis interactions at 32000bp
  Extracting cis interactions for 2L
  Warning: No valid balanced interactions found for 2L. Trying without filtering...
  Extracting cis interactions for 2R
  Extracting cis interactions for 3L
  Extracting cis interactions for 3R
  Extracting cis interactions for 4
  Extracting cis interactions for X
  Extracting cis interactions for Y
  Successfully extracted 263004 cis interactions
Processing JW18wMel replicate 2 trans interactions at 32000bp
  Extracting trans interactions for 2L vs 2R
  Extracting trans interactions for 2L vs 3L
  Extracting trans interactions for 2L vs 3R
  Extracting trans interactions for 2L vs 4
  Extracting trans interactions for 2L vs X
  Extracting trans interactions for 2L vs Y
  Extracting trans interactions for 2R vs 3L
  Extracting trans interactions for 2R vs 3R
  Extracting trans interactions for 2R vs 4
  Extracting trans interactions for 2R vs X
  Extracting trans interactions for 2R vs Y
  Extracting trans interactions for 3L vs 3R
  Extracting trans interactions for 3L vs 4
  Extracting trans interactions for 3L vs X
  Extracting trans interactions for 3L vs Y
  Extracting trans interactions for 3R vs 4
  Extracting trans interactions for 3R vs X
  Extracting trans interactions for 3R vs Y
  Extracting trans interactions for 4 vs X
  Extracting trans interactions for 4 vs Y
  Extracting trans interactions for X vs Y
  Warning: No trans interactions extracted for JW18wMel replicate 2 at 32000bp
  Trying without filtering NaN values...
  Successfully extracted 6648632 unfiltered trans interactions
Completed processing at 32000bp resolution
==== Processing resolution: 128000bp ====
Processing JW18wMel replicates at 128000bp resolution...
Processing JW18wMel replicate 1 cis interactions at 128000bp
  Extracting cis interactions for 2L
  Warning: No valid balanced interactions found for 2L. Trying without filtering...
  Extracting cis interactions for 2R
  Extracting cis interactions for 3L
  Extracting cis interactions for 3R
  Extracting cis interactions for 4
  Extracting cis interactions for X
  Extracting cis interactions for Y
  Successfully extracted 16955 cis interactions
Processing JW18wMel replicate 1 trans interactions at 128000bp
  Extracting trans interactions for 2L vs 2R
  Extracting trans interactions for 2L vs 3L
  Extracting trans interactions for 2L vs 3R
  Extracting trans interactions for 2L vs 4
  Extracting trans interactions for 2L vs X
  Extracting trans interactions for 2L vs Y
  Extracting trans interactions for 2R vs 3L
  Extracting trans interactions for 2R vs 3R
  Extracting trans interactions for 2R vs 4
  Extracting trans interactions for 2R vs X
  Extracting trans interactions for 2R vs Y
  Extracting trans interactions for 3L vs 3R
  Extracting trans interactions for 3L vs 4
  Extracting trans interactions for 3L vs X
  Extracting trans interactions for 3L vs Y
  Extracting trans interactions for 3R vs 4
  Extracting trans interactions for 3R vs X
  Extracting trans interactions for 3R vs Y
  Extracting trans interactions for 4 vs X
  Extracting trans interactions for 4 vs Y
  Extracting trans interactions for X vs Y
  Warning: No trans interactions extracted for JW18wMel replicate 1 at 128000bp
  Trying without filtering NaN values...
  Successfully extracted 445197 unfiltered trans interactions
Processing JW18wMel replicate 2 cis interactions at 128000bp
  Extracting cis interactions for 2L
  Warning: No valid balanced interactions found for 2L. Trying without filtering...
  Extracting cis interactions for 2R
  Extracting cis interactions for 3L
  Extracting cis interactions for 3R
  Extracting cis interactions for 4
  Extracting cis interactions for X
  Extracting cis interactions for Y
  Successfully extracted 16985 cis interactions
Processing JW18wMel replicate 2 trans interactions at 128000bp
  Extracting trans interactions for 2L vs 2R
  Extracting trans interactions for 2L vs 3L
  Extracting trans interactions for 2L vs 3R
  Extracting trans interactions for 2L vs 4
  Extracting trans interactions for 2L vs X
  Extracting trans interactions for 2L vs Y
  Extracting trans interactions for 2R vs 3L
  Extracting trans interactions for 2R vs 3R
  Extracting trans interactions for 2R vs 4
  Extracting trans interactions for 2R vs X
  Extracting trans interactions for 2R vs Y
  Extracting trans interactions for 3L vs 3R
  Extracting trans interactions for 3L vs 4
  Extracting trans interactions for 3L vs X
  Extracting trans interactions for 3L vs Y
  Extracting trans interactions for 3R vs 4
  Extracting trans interactions for 3R vs X
  Extracting trans interactions for 3R vs Y
  Extracting trans interactions for 4 vs X
  Extracting trans interactions for 4 vs Y
  Extracting trans interactions for X vs Y
  Warning: No trans interactions extracted for JW18wMel replicate 2 at 128000bp
  Trying without filtering NaN values...
  Successfully extracted 448339 unfiltered trans interactions
Completed processing at 128000bp resolution
Creating consolidated output file...
Adding resolution 1000bp data to consolidated file...
  Adding cis interactions from replicate 1...
  Adding cis interactions from replicate 2...
  Adding trans interactions from replicate 1...
  Adding trans interactions from replicate 2...
Adding resolution 8000bp data to consolidated file...
  Adding cis interactions from replicate 1...
  Adding cis interactions from replicate 2...
  Adding trans interactions from replicate 1...
  Adding trans interactions from replicate 2...
Adding resolution 32000bp data to consolidated file...
  Adding cis interactions from replicate 1...
  Adding cis interactions from replicate 2...
  Adding trans interactions from replicate 1...
  Adding trans interactions from replicate 2...
Adding resolution 128000bp data to consolidated file...
  Adding cis interactions from replicate 1...
  Adding cis interactions from replicate 2...
  Adding trans interactions from replicate 1...
  Adding trans interactions from replicate 2...
All interactions extracted and consolidated successfully!
Total interactions: 157256894
Results saved to /private/groups/russelllab/jodie/wolbachia_induced_DE/Jacobs_et_al_2026_Wolbachia-host_genome_topology/dc_by_infection/results/contacts/JW18wMel_contacts.tsv
Keeping temporary files for debugging in: /private/groups/russelllab/jodie/wolbachia_induced_DE/Jacobs_et_al_2026_Wolbachia-host_genome_topology/dc_by_infection/results/contacts/temp_JW18wMel
Processing complete.
[Mon Sep 22 15:15:48 2025]
Finished jobid: 0 (Rule: identify_contacts)
1 of 1 steps (100%) done
Storing output in storage.
[Mon Sep 22 15:15:49 2025]
Finished jobid: 0 (Rule: identify_contacts)
1 of 1 steps (100%) done
Storing output in storage.
