None
host: emerald.prism
Building DAG of jobs...
SLURM run ID: 2f5f8a62-0ae5-4491-80fb-1794d1f77996
Using shell: /usr/bin/bash
Provided remote nodes: 10
Job stats:
job                                  count
---------------------------------  -------
all                                      1
architectural_enrichment                 1
chromatin_structure_analysis             1
diffhic_multi_resolution_analysis        1
enhancer_class_analysis                  1
filter_sv_interactions                   1
identify_contacts                        2
x_chromosome_analysis                    1
total                                    9

Select jobs to execute...
Execute 2 jobs...
[Mon Sep 22 14:55:30 2025]
rule identify_contacts:
    input: /private/groups/russelllab/jodie/wolbachia_induced_DE/Jacobs_et_al_2026_Wolbachia-host_genome_topology/maps/JW18DOX-1.matrix.mcool, /private/groups/russelllab/jodie/wolbachia_induced_DE/Jacobs_et_al_2026_Wolbachia-host_genome_topology/maps/JW18DOX-2.matrix.mcool
    output: /private/groups/russelllab/jodie/wolbachia_induced_DE/Jacobs_et_al_2026_Wolbachia-host_genome_topology/dc_by_infection/results/contacts/JW18DOX_contacts.tsv
    jobid: 2
    reason: Missing output files: /private/groups/russelllab/jodie/wolbachia_induced_DE/Jacobs_et_al_2026_Wolbachia-host_genome_topology/dc_by_infection/results/contacts/JW18DOX_contacts.tsv
    wildcards: sample=JW18DOX
    threads: 16
    resources: mem_mb=100000, mem_mib=95368, disk_mb=1000, disk_mib=954, tmpdir=<TBD>, slurm_partition=medium, runtime=200

No SLURM account given, trying to guess.
Unable to guess SLURM account. Trying to proceed without.
Job 2 has been submitted with SLURM jobid 11522830 (log: /private/groups/russelllab/jodie/wolbachia_induced_DE/Jacobs_et_al_2026_Wolbachia-host_genome_topology/dc_by_infection/.snakemake/slurm_logs/rule_identify_contacts/JW18DOX/11522830.log).
[Mon Sep 22 14:55:30 2025]
rule identify_contacts:
    input: /private/groups/russelllab/jodie/wolbachia_induced_DE/Jacobs_et_al_2026_Wolbachia-host_genome_topology/maps/JW18wMel-1.matrix.mcool, /private/groups/russelllab/jodie/wolbachia_induced_DE/Jacobs_et_al_2026_Wolbachia-host_genome_topology/maps/JW18wMel-2.matrix.mcool
    output: /private/groups/russelllab/jodie/wolbachia_induced_DE/Jacobs_et_al_2026_Wolbachia-host_genome_topology/dc_by_infection/results/contacts/JW18wMel_contacts.tsv
    jobid: 3
    reason: Missing output files: /private/groups/russelllab/jodie/wolbachia_induced_DE/Jacobs_et_al_2026_Wolbachia-host_genome_topology/dc_by_infection/results/contacts/JW18wMel_contacts.tsv
    wildcards: sample=JW18wMel
    threads: 16
    resources: mem_mb=100000, mem_mib=95368, disk_mb=1525, disk_mib=1455, tmpdir=<TBD>, slurm_partition=medium, runtime=200

Job 3 has been submitted with SLURM jobid 11522831 (log: /private/groups/russelllab/jodie/wolbachia_induced_DE/Jacobs_et_al_2026_Wolbachia-host_genome_topology/dc_by_infection/.snakemake/slurm_logs/rule_identify_contacts/JW18wMel/11522831.log).
[Mon Sep 22 15:07:02 2025]
Finished jobid: 2 (Rule: identify_contacts)
1 of 9 steps (11%) done
[Mon Sep 22 15:13:33 2025]
Finished jobid: 3 (Rule: identify_contacts)
2 of 9 steps (22%) done
Select jobs to execute...
Execute 1 jobs...
[Mon Sep 22 15:13:33 2025]
rule diffhic_multi_resolution_analysis:
    input: /private/groups/russelllab/jodie/wolbachia_induced_DE/Jacobs_et_al_2026_Wolbachia-host_genome_topology/dc_by_infection/results/contacts/JW18DOX_contacts.tsv, /private/groups/russelllab/jodie/wolbachia_induced_DE/Jacobs_et_al_2026_Wolbachia-host_genome_topology/dc_by_infection/results/contacts/JW18wMel_contacts.tsv
    output: /private/groups/russelllab/jodie/wolbachia_induced_DE/Jacobs_et_al_2026_Wolbachia-host_genome_topology/dc_by_infection/results/diffhic_results/summary/all_results_combined.csv, /private/groups/russelllab/jodie/wolbachia_induced_DE/Jacobs_et_al_2026_Wolbachia-host_genome_topology/dc_by_infection/results/diffhic_results/summary/analysis_summary.txt, /private/groups/russelllab/jodie/wolbachia_induced_DE/Jacobs_et_al_2026_Wolbachia-host_genome_topology/dc_by_infection/results/diffhic_results/summary/null_model_results.csv, /private/groups/russelllab/jodie/wolbachia_induced_DE/Jacobs_et_al_2026_Wolbachia-host_genome_topology/dc_by_infection/results/diffhic_results/res_1000/differential_interactions_infectionJW18wMel.csv, /private/groups/russelllab/jodie/wolbachia_induced_DE/Jacobs_et_al_2026_Wolbachia-host_genome_topology/dc_by_infection/results/diffhic_results/res_8000/differential_interactions_infectionJW18wMel.csv, /private/groups/russelllab/jodie/wolbachia_induced_DE/Jacobs_et_al_2026_Wolbachia-host_genome_topology/dc_by_infection/results/diffhic_results/res_32000/differential_interactions_infectionJW18wMel.csv, /private/groups/russelllab/jodie/wolbachia_induced_DE/Jacobs_et_al_2026_Wolbachia-host_genome_topology/dc_by_infection/results/diffhic_results/res_128000/differential_interactions_infectionJW18wMel.csv
    jobid: 1
    reason: Missing output files: /private/groups/russelllab/jodie/wolbachia_induced_DE/Jacobs_et_al_2026_Wolbachia-host_genome_topology/dc_by_infection/results/diffhic_results/summary/all_results_combined.csv, /private/groups/russelllab/jodie/wolbachia_induced_DE/Jacobs_et_al_2026_Wolbachia-host_genome_topology/dc_by_infection/results/diffhic_results/summary/analysis_summary.txt, /private/groups/russelllab/jodie/wolbachia_induced_DE/Jacobs_et_al_2026_Wolbachia-host_genome_topology/dc_by_infection/results/diffhic_results/summary/null_model_results.csv; Input files updated by another job: /private/groups/russelllab/jodie/wolbachia_induced_DE/Jacobs_et_al_2026_Wolbachia-host_genome_topology/dc_by_infection/results/contacts/JW18DOX_contacts.tsv, /private/groups/russelllab/jodie/wolbachia_induced_DE/Jacobs_et_al_2026_Wolbachia-host_genome_topology/dc_by_infection/results/contacts/JW18wMel_contacts.tsv
    threads: 32
    resources: mem_mb=200000, mem_mib=190735, disk_mb=22354, disk_mib=21319, tmpdir=<TBD>, slurm_partition=medium, runtime=480

Job 1 has been submitted with SLURM jobid 11522970 (log: /private/groups/russelllab/jodie/wolbachia_induced_DE/Jacobs_et_al_2026_Wolbachia-host_genome_topology/dc_by_infection/.snakemake/slurm_logs/rule_diffhic_multi_resolution_analysis/11522970.log).
[Mon Sep 22 15:21:44 2025]
Error in rule diffhic_multi_resolution_analysis:
    message: SLURM-job '11522970' failed, SLURM status is: 'FAILED'. For further error details see the cluster/cloud log and the log files of the involved rule(s).
    jobid: 1
    input: /private/groups/russelllab/jodie/wolbachia_induced_DE/Jacobs_et_al_2026_Wolbachia-host_genome_topology/dc_by_infection/results/contacts/JW18DOX_contacts.tsv, /private/groups/russelllab/jodie/wolbachia_induced_DE/Jacobs_et_al_2026_Wolbachia-host_genome_topology/dc_by_infection/results/contacts/JW18wMel_contacts.tsv
    output: /private/groups/russelllab/jodie/wolbachia_induced_DE/Jacobs_et_al_2026_Wolbachia-host_genome_topology/dc_by_infection/results/diffhic_results/summary/all_results_combined.csv, /private/groups/russelllab/jodie/wolbachia_induced_DE/Jacobs_et_al_2026_Wolbachia-host_genome_topology/dc_by_infection/results/diffhic_results/summary/analysis_summary.txt, /private/groups/russelllab/jodie/wolbachia_induced_DE/Jacobs_et_al_2026_Wolbachia-host_genome_topology/dc_by_infection/results/diffhic_results/summary/null_model_results.csv, /private/groups/russelllab/jodie/wolbachia_induced_DE/Jacobs_et_al_2026_Wolbachia-host_genome_topology/dc_by_infection/results/diffhic_results/res_1000/differential_interactions_infectionJW18wMel.csv, /private/groups/russelllab/jodie/wolbachia_induced_DE/Jacobs_et_al_2026_Wolbachia-host_genome_topology/dc_by_infection/results/diffhic_results/res_8000/differential_interactions_infectionJW18wMel.csv, /private/groups/russelllab/jodie/wolbachia_induced_DE/Jacobs_et_al_2026_Wolbachia-host_genome_topology/dc_by_infection/results/diffhic_results/res_32000/differential_interactions_infectionJW18wMel.csv, /private/groups/russelllab/jodie/wolbachia_induced_DE/Jacobs_et_al_2026_Wolbachia-host_genome_topology/dc_by_infection/results/diffhic_results/res_128000/differential_interactions_infectionJW18wMel.csv
    log: /private/groups/russelllab/jodie/wolbachia_induced_DE/Jacobs_et_al_2026_Wolbachia-host_genome_topology/dc_by_infection/.snakemake/slurm_logs/rule_diffhic_multi_resolution_analysis/11522970.log (check log file(s) for error details)
    shell:
        
        source $(dirname $(dirname $(which conda)))/etc/profile.d/conda.sh
        conda activate /private/home/jomojaco/miniforge3/envs/diffhic

        Rscript scripts/analyze_multi_resolution_3.R         --data_dir=/private/groups/russelllab/jodie/wolbachia_induced_DE/Jacobs_et_al_2026_Wolbachia-host_genome_topology/dc_by_infection/results/contacts         --output_dir=/private/groups/russelllab/jodie/wolbachia_induced_DE/Jacobs_et_al_2026_Wolbachia-host_genome_topology/dc_by_infection/results/diffhic_results         --resolutions=1000,8000,32000,128000         --threads=32         --reference=DOX         --min_count=10         --fdr=0.01
        
        (command exited with non-zero exit code)
    external_jobid: 11522970
Shutting down, this might take some time.
Exiting because a job execution failed. Look below for error messages
[Mon Sep 22 15:23:34 2025]
Error in rule diffhic_multi_resolution_analysis:
    message: None
    jobid: 1
    input: /private/groups/russelllab/jodie/wolbachia_induced_DE/Jacobs_et_al_2026_Wolbachia-host_genome_topology/dc_by_infection/results/contacts/JW18DOX_contacts.tsv, /private/groups/russelllab/jodie/wolbachia_induced_DE/Jacobs_et_al_2026_Wolbachia-host_genome_topology/dc_by_infection/results/contacts/JW18wMel_contacts.tsv
    output: /private/groups/russelllab/jodie/wolbachia_induced_DE/Jacobs_et_al_2026_Wolbachia-host_genome_topology/dc_by_infection/results/diffhic_results/summary/all_results_combined.csv, /private/groups/russelllab/jodie/wolbachia_induced_DE/Jacobs_et_al_2026_Wolbachia-host_genome_topology/dc_by_infection/results/diffhic_results/summary/analysis_summary.txt, /private/groups/russelllab/jodie/wolbachia_induced_DE/Jacobs_et_al_2026_Wolbachia-host_genome_topology/dc_by_infection/results/diffhic_results/summary/null_model_results.csv, /private/groups/russelllab/jodie/wolbachia_induced_DE/Jacobs_et_al_2026_Wolbachia-host_genome_topology/dc_by_infection/results/diffhic_results/res_1000/differential_interactions_infectionJW18wMel.csv, /private/groups/russelllab/jodie/wolbachia_induced_DE/Jacobs_et_al_2026_Wolbachia-host_genome_topology/dc_by_infection/results/diffhic_results/res_8000/differential_interactions_infectionJW18wMel.csv, /private/groups/russelllab/jodie/wolbachia_induced_DE/Jacobs_et_al_2026_Wolbachia-host_genome_topology/dc_by_infection/results/diffhic_results/res_32000/differential_interactions_infectionJW18wMel.csv, /private/groups/russelllab/jodie/wolbachia_induced_DE/Jacobs_et_al_2026_Wolbachia-host_genome_topology/dc_by_infection/results/diffhic_results/res_128000/differential_interactions_infectionJW18wMel.csv
    shell:
        
        source $(dirname $(dirname $(which conda)))/etc/profile.d/conda.sh
        conda activate /private/home/jomojaco/miniforge3/envs/diffhic

        Rscript scripts/analyze_multi_resolution_3.R         --data_dir=/private/groups/russelllab/jodie/wolbachia_induced_DE/Jacobs_et_al_2026_Wolbachia-host_genome_topology/dc_by_infection/results/contacts         --output_dir=/private/groups/russelllab/jodie/wolbachia_induced_DE/Jacobs_et_al_2026_Wolbachia-host_genome_topology/dc_by_infection/results/diffhic_results         --resolutions=1000,8000,32000,128000         --threads=32         --reference=DOX         --min_count=10         --fdr=0.01
        
        (command exited with non-zero exit code)
Complete log(s): /private/groups/russelllab/jodie/wolbachia_induced_DE/Jacobs_et_al_2026_Wolbachia-host_genome_topology/dc_by_infection/.snakemake/log/2025-09-22T145530.473250.snakemake.log
WorkflowError:
At least one job did not complete successfully.
