None
host: emerald.prism
Building DAG of jobs...
SLURM run ID: 5d404870-0a04-49c6-983b-a10ab63e876d
Using shell: /usr/bin/bash
Provided remote nodes: 10
Job stats:
job                                  count
---------------------------------  -------
all                                      1
architectural_enrichment                 1
chromatin_structure_analysis             1
diffhic_multi_resolution_analysis        1
enhancer_class_analysis                  1
filter_sv_interactions                   1
identify_contacts                        2
x_chromosome_analysis                    1
total                                    9

Select jobs to execute...
Execute 2 jobs...
[Mon Sep 22 14:54:15 2025]
rule identify_contacts:
    input: /private/groups/russelllab/jodie/wolbachia_induced_DE/Jacobs_et_al_2026_Wolbachia-host_genome_topology/maps/JW18DOX-1.matrix.mcool, /private/groups/russelllab/jodie/wolbachia_induced_DE/Jacobs_et_al_2026_Wolbachia-host_genome_topology/maps/JW18DOX-2.matrix.mcool
    output: /private/groups/russelllab/jodie/wolbachia_induced_DE/Jacobs_et_al_2026_Wolbachia-host_genome_topology/dc_by_infection/results/contacts/JW18DOX_contacts.tsv
    jobid: 2
    reason: Missing output files: /private/groups/russelllab/jodie/wolbachia_induced_DE/Jacobs_et_al_2026_Wolbachia-host_genome_topology/dc_by_infection/results/contacts/JW18DOX_contacts.tsv
    wildcards: sample=JW18DOX
    threads: 16
    resources: mem_mb=100000, mem_mib=95368, disk_mb=1000, disk_mib=954, tmpdir=<TBD>, slurm_partition=medium, runtime=200

No SLURM account given, trying to guess.
Unable to guess SLURM account. Trying to proceed without.
Job 2 has been submitted with SLURM jobid 11522820 (log: /private/groups/russelllab/jodie/wolbachia_induced_DE/Jacobs_et_al_2026_Wolbachia-host_genome_topology/dc_by_infection/.snakemake/slurm_logs/rule_identify_contacts/JW18DOX/11522820.log).
[Mon Sep 22 14:54:15 2025]
rule identify_contacts:
    input: /private/groups/russelllab/jodie/wolbachia_induced_DE/Jacobs_et_al_2026_Wolbachia-host_genome_topology/maps/JW18wMel-1.matrix.mcool, /private/groups/russelllab/jodie/wolbachia_induced_DE/Jacobs_et_al_2026_Wolbachia-host_genome_topology/maps/JW18wMel-2.matrix.mcool
    output: /private/groups/russelllab/jodie/wolbachia_induced_DE/Jacobs_et_al_2026_Wolbachia-host_genome_topology/dc_by_infection/results/contacts/JW18wMel_contacts.tsv
    jobid: 3
    reason: Missing output files: /private/groups/russelllab/jodie/wolbachia_induced_DE/Jacobs_et_al_2026_Wolbachia-host_genome_topology/dc_by_infection/results/contacts/JW18wMel_contacts.tsv
    wildcards: sample=JW18wMel
    threads: 16
    resources: mem_mb=100000, mem_mib=95368, disk_mb=1525, disk_mib=1455, tmpdir=<TBD>, slurm_partition=medium, runtime=200

Job 3 has been submitted with SLURM jobid 11522821 (log: /private/groups/russelllab/jodie/wolbachia_induced_DE/Jacobs_et_al_2026_Wolbachia-host_genome_topology/dc_by_infection/.snakemake/slurm_logs/rule_identify_contacts/JW18wMel/11522821.log).
Terminating processes on user request, this might take some time.
